hello
Server running on http://0.0.0.0:3000
Ensured service requests tables exist
Database connected successfully
MySQL Version: 8.0.42
Ensured printers table exists
Ensured notifications table exists
Constraint unique_active_assignment does not exist or already dropped
Notification schema detection: {
  notifHasUserId: false,
  notifHasRelatedUserId: true,
  notifHasSenderId: false,
  notifHasRelatedData: true
}
Index idx_technician_institution already exists
Index idx_institution_active already exists
Database constraint fixed: Multiple technicians can now be assigned to institutions
Ensured inventory tables exist
Ensured printer parts table exists
[DEBUG] notifications query: SELECT n.* FROM notifications n  WHERE (n.related_user_id = ? OR (n.related_user_id IS NULL AND ? = 'admin')) ORDER BY n.created_at DESC LIMIT ? OFFSET ? [ 29, 'technician', 50, 0 ]
[DEBUG] Service Request Creation - Request Body: {
  inventory_item_id: 9,
  priority: 'urgent',
  description: 'wqeqeqeqe',
  location: 'Room 2901',
  institution_id: 'INST-015',
  coordinator_id: 31,
  status: 'new',
  assigned_technician_id: 29
}
[DEBUG] Using inventory_item_id 9 for institution INST-015
Notification created (fallback schema): {
  id: 13,
  title: 'New Service Request',
  type: 'service_request',
  user_id: 29
}
Attempting to fetch parts...
Database connection test successful
Database "serviceease" exists
printer_parts table exists
Successfully fetched 2 parts
Attempting to fetch parts...
Database connection test successful
Database "serviceease" exists
printer_parts table exists
Successfully fetched 2 parts
Attempting to fetch parts...
Database connection test successful
Database "serviceease" exists
printer_parts table exists
Successfully fetched 2 parts
